0 info it worked if it ends with ok
1 verbose cli [ 'D:\\dev\\nodejs\\node.exe',
1 verbose cli   'D:\\dev\\nodejs\\node_modules\\npm\\bin\\npm-cli.js',
1 verbose cli   'install',
1 verbose cli   'jquery',
1 verbose cli   '2.2' ]
2 info using npm@3.10.10
3 info using node@v6.10.3
4 verbose config Skipping project config: D:\Users\Mr Chen/.npmrc. (matches userconfig)
5 silly loadCurrentTree Starting
6 silly install loadCurrentTree
7 silly install readLocalPackageData
8 silly fetchPackageMetaData jquery
9 silly fetchPackageMetaData 2.2
10 silly fetchNamedPackageData jquery
11 silly mapToRegistry name jquery
12 silly mapToRegistry using default registry
13 silly mapToRegistry registry https://registry.npmjs.org/
14 silly mapToRegistry data Result {
14 silly mapToRegistry   raw: 'jquery',
14 silly mapToRegistry   scope: null,
14 silly mapToRegistry   escapedName: 'jquery',
14 silly mapToRegistry   name: 'jquery',
14 silly mapToRegistry   rawSpec: '',
14 silly mapToRegistry   spec: 'latest',
14 silly mapToRegistry   type: 'tag' }
15 silly mapToRegistry uri https://registry.npmjs.org/jquery
16 silly fetchNamedPackageData 2.2
17 silly mapToRegistry name 2.2
18 silly mapToRegistry using default registry
19 silly mapToRegistry registry https://registry.npmjs.org/
20 silly mapToRegistry data Result {
20 silly mapToRegistry   raw: '2.2',
20 silly mapToRegistry   scope: null,
20 silly mapToRegistry   escapedName: '2.2',
20 silly mapToRegistry   name: '2.2',
20 silly mapToRegistry   rawSpec: '',
20 silly mapToRegistry   spec: 'latest',
20 silly mapToRegistry   type: 'tag' }
21 silly mapToRegistry uri https://registry.npmjs.org/2.2
22 verbose request uri https://registry.npmjs.org/jquery
23 verbose request no auth needed
24 info attempt registry request try #1 at 22:46:38
25 verbose request id 584ec0e70b10e3b3
26 http request GET https://registry.npmjs.org/jquery
27 verbose request uri https://registry.npmjs.org/2.2
28 verbose request no auth needed
29 info attempt registry request try #1 at 22:46:38
30 http request GET https://registry.npmjs.org/2.2
31 http 404 https://registry.npmjs.org/2.2
32 verbose headers { 'content-type': 'application/json',
32 verbose headers   'cache-control': 'max-age=0',
32 verbose headers   'content-length': '2',
32 verbose headers   'accept-ranges': 'bytes',
32 verbose headers   date: 'Wed, 07 Jun 2017 14:47:11 GMT',
32 verbose headers   via: '1.1 varnish',
32 verbose headers   age: '0',
32 verbose headers   connection: 'keep-alive',
32 verbose headers   'x-served-by': 'cache-nrt6126-NRT',
32 verbose headers   'x-cache': 'MISS',
32 verbose headers   'x-cache-hits': '0',
32 verbose headers   'x-timer': 'S1496846831.087443,VS0,VE727',
32 verbose headers   vary: 'Accept-Encoding' }
33 silly get cb [ 404,
33 silly get   { 'content-type': 'application/json',
33 silly get     'cache-control': 'max-age=0',
33 silly get     'content-length': '2',
33 silly get     'accept-ranges': 'bytes',
33 silly get     date: 'Wed, 07 Jun 2017 14:47:11 GMT',
33 silly get     via: '1.1 varnish',
33 silly get     age: '0',
33 silly get     connection: 'keep-alive',
33 silly get     'x-served-by': 'cache-nrt6126-NRT',
33 silly get     'x-cache': 'MISS',
33 silly get     'x-cache-hits': '0',
33 silly get     'x-timer': 'S1496846831.087443,VS0,VE727',
33 silly get     vary: 'Accept-Encoding' } ]
34 silly fetchPackageMetaData Error: Registry returned 404 for GET on https://registry.npmjs.org/2.2
34 silly fetchPackageMetaData     at makeError (D:\dev\nvm\v6.10.3\node_modules\npm\node_modules\npm-registry-client\lib\request.js:302:12)
34 silly fetchPackageMetaData     at CachingRegistryClient.<anonymous> (D:\dev\nvm\v6.10.3\node_modules\npm\node_modules\npm-registry-client\lib\request.js:280:14)
34 silly fetchPackageMetaData     at Request._callback (D:\dev\nvm\v6.10.3\node_modules\npm\node_modules\npm-registry-client\lib\request.js:210:14)
34 silly fetchPackageMetaData     at Request.self.callback (D:\dev\nvm\v6.10.3\node_modules\npm\node_modules\request\request.js:187:22)
34 silly fetchPackageMetaData     at emitTwo (events.js:106:13)
34 silly fetchPackageMetaData     at Request.emit (events.js:191:7)
34 silly fetchPackageMetaData     at Request.<anonymous> (D:\dev\nvm\v6.10.3\node_modules\npm\node_modules\request\request.js:1048:10)
34 silly fetchPackageMetaData     at emitOne (events.js:96:13)
34 silly fetchPackageMetaData     at Request.emit (events.js:188:7)
34 silly fetchPackageMetaData     at IncomingMessage.<anonymous> (D:\dev\nvm\v6.10.3\node_modules\npm\node_modules\request\request.js:969:12)
34 silly fetchPackageMetaData  error for 2.2 { Error: Registry returned 404 for GET on https://registry.npmjs.org/2.2
34 silly fetchPackageMetaData     at makeError (D:\dev\nvm\v6.10.3\node_modules\npm\node_modules\npm-registry-client\lib\request.js:302:12)
34 silly fetchPackageMetaData     at CachingRegistryClient.<anonymous> (D:\dev\nvm\v6.10.3\node_modules\npm\node_modules\npm-registry-client\lib\request.js:280:14)
34 silly fetchPackageMetaData     at Request._callback (D:\dev\nvm\v6.10.3\node_modules\npm\node_modules\npm-registry-client\lib\request.js:210:14)
34 silly fetchPackageMetaData     at Request.self.callback (D:\dev\nvm\v6.10.3\node_modules\npm\node_modules\request\request.js:187:22)
34 silly fetchPackageMetaData     at emitTwo (events.js:106:13)
34 silly fetchPackageMetaData     at Request.emit (events.js:191:7)
34 silly fetchPackageMetaData     at Request.<anonymous> (D:\dev\nvm\v6.10.3\node_modules\npm\node_modules\request\request.js:1048:10)
34 silly fetchPackageMetaData     at emitOne (events.js:96:13)
34 silly fetchPackageMetaData     at Request.emit (events.js:188:7)
34 silly fetchPackageMetaData     at IncomingMessage.<anonymous> (D:\dev\nvm\v6.10.3\node_modules\npm\node_modules\request\request.js:969:12) pkgid: '2.2', statusCode: 404, code: 'E404' }
35 http 200 https://registry.npmjs.org/jquery
36 verbose headers { server: 'nginx/1.10.1',
36 verbose headers   'content-type': 'application/json',
36 verbose headers   'last-modified': 'Sun, 04 Jun 2017 08:45:12 GMT',
36 verbose headers   etag: 'W/"5933c898-16050"',
36 verbose headers   'content-encoding': 'gzip',
36 verbose headers   'cache-control': 'max-age=300',
36 verbose headers   'content-length': '10654',
36 verbose headers   'accept-ranges': 'bytes',
36 verbose headers   date: 'Wed, 07 Jun 2017 14:47:11 GMT',
36 verbose headers   via: '1.1 varnish',
36 verbose headers   age: '72',
36 verbose headers   connection: 'keep-alive',
36 verbose headers   'x-served-by': 'cache-nrt6125-NRT',
36 verbose headers   'x-cache': 'HIT',
36 verbose headers   'x-cache-hits': '1',
36 verbose headers   'x-timer': 'S1496846831.347907,VS0,VE0',
36 verbose headers   vary: 'Accept-Encoding' }
37 silly get cb [ 200,
37 silly get   { server: 'nginx/1.10.1',
37 silly get     'content-type': 'application/json',
37 silly get     'last-modified': 'Sun, 04 Jun 2017 08:45:12 GMT',
37 silly get     etag: 'W/"5933c898-16050"',
37 silly get     'content-encoding': 'gzip',
37 silly get     'cache-control': 'max-age=300',
37 silly get     'content-length': '10654',
37 silly get     'accept-ranges': 'bytes',
37 silly get     date: 'Wed, 07 Jun 2017 14:47:11 GMT',
37 silly get     via: '1.1 varnish',
37 silly get     age: '72',
37 silly get     connection: 'keep-alive',
37 silly get     'x-served-by': 'cache-nrt6125-NRT',
37 silly get     'x-cache': 'HIT',
37 silly get     'x-cache-hits': '1',
37 silly get     'x-timer': 'S1496846831.347907,VS0,VE0',
37 silly get     vary: 'Accept-Encoding' } ]
38 verbose get saving jquery to D:\Users\Mr Chen\AppData\Roaming\npm-cache\registry.npmjs.org\jquery\.cache.json
39 verbose correctMkdir D:\Users\Mr Chen\AppData\Roaming\npm-cache correctMkdir not in flight; initializing
40 silly rollbackFailedOptional Starting
41 silly rollbackFailedOptional Finishing
42 silly runTopLevelLifecycles Finishing
43 silly install printInstalled
44 verbose stack Error: Registry returned 404 for GET on https://registry.npmjs.org/2.2
44 verbose stack     at makeError (D:\dev\nvm\v6.10.3\node_modules\npm\node_modules\npm-registry-client\lib\request.js:302:12)
44 verbose stack     at CachingRegistryClient.<anonymous> (D:\dev\nvm\v6.10.3\node_modules\npm\node_modules\npm-registry-client\lib\request.js:280:14)
44 verbose stack     at Request._callback (D:\dev\nvm\v6.10.3\node_modules\npm\node_modules\npm-registry-client\lib\request.js:210:14)
44 verbose stack     at Request.self.callback (D:\dev\nvm\v6.10.3\node_modules\npm\node_modules\request\request.js:187:22)
44 verbose stack     at emitTwo (events.js:106:13)
44 verbose stack     at Request.emit (events.js:191:7)
44 verbose stack     at Request.<anonymous> (D:\dev\nvm\v6.10.3\node_modules\npm\node_modules\request\request.js:1048:10)
44 verbose stack     at emitOne (events.js:96:13)
44 verbose stack     at Request.emit (events.js:188:7)
44 verbose stack     at IncomingMessage.<anonymous> (D:\dev\nvm\v6.10.3\node_modules\npm\node_modules\request\request.js:969:12)
45 verbose statusCode 404
46 verbose pkgid 2.2
47 verbose cwd D:\Users\Mr Chen\Desktop\javascript
48 error Windows_NT 6.3.9600
49 error argv "D:\\dev\\nodejs\\node.exe" "D:\\dev\\nodejs\\node_modules\\npm\\bin\\npm-cli.js" "install" "jquery" "2.2"
50 error node v6.10.3
51 error npm  v3.10.10
52 error code E404
53 error 404 Registry returned 404 for GET on https://registry.npmjs.org/2.2
54 error 404
55 error 404 '2.2' is not in the npm registry.
56 error 404 You should bug the author to publish it (or use the name yourself!)
57 error 404 Note that you can also install from a
58 error 404 tarball, folder, http url, or git url.
59 verbose exit [ 1, true ]
